<?xml version="1.0" encoding="UTF-8"?>
<!-- Generated by org.testng.reporters.JUnitReportReporter -->
<testsuite hostname="LAPTOP-N2BE1DCI" failures="0" tests="1" name="ProfileUpdater.NaukriProfileUpdater" time="17.993" errors="0" timestamp="2025-05-28T07:48:46 IST" skipped="0">
  <testcase classname="ProfileUpdater.NaukriProfileUpdater" name="testUpdateProfileHeadline" time="17.993"/>
</testsuite> <!-- ProfileUpdater.NaukriProfileUpdater -->
