<?xml version="1.0" encoding="UTF-8"?>
<!-- Generated by org.testng.reporters.JUnitReportReporter -->
<testsuite hostname="LAPTOP-N2BE1DCI" failures="0" tests="1" name="ProfileUpdater.NaukriProfileUpdater" time="11.329" errors="0" timestamp="2025-05-28T08:52:14 IST" skipped="0">
  <testcase classname="ProfileUpdater.NaukriProfileUpdater" name="testUpdateProfileHeadline" time="11.329"/>
</testsuite> <!-- ProfileUpdater.NaukriProfileUpdater -->
