<?xml version="1.0" encoding="UTF-8"?>
<!-- Generated by org.testng.reporters.JUnitReportReporter -->
<testsuite hostname="LAPTOP-N2BE1DCI" failures="0" tests="1" name="ProfileUpdater.NaukriProfileUpdater" time="15.496" errors="0" timestamp="2025-05-28T08:17:51 IST" skipped="0">
  <testcase classname="ProfileUpdater.NaukriProfileUpdater" name="testUpdateProfileHeadline" time="15.496"/>
</testsuite> <!-- ProfileUpdater.NaukriProfileUpdater -->
