<?xml version="1.0" encoding="UTF-8"?>
<!-- Generated by org.testng.reporters.JUnitReportReporter -->
<testsuite hostname="LAPTOP-N2BE1DCI" failures="0" tests="1" name="ProfileUpdater.NaukriProfileUpdater" time="6.894" errors="0" timestamp="2025-05-28T07:31:05 IST" skipped="0">
  <testcase classname="ProfileUpdater.NaukriProfileUpdater" name="testUpdateProfileHeadline" time="6.894"/>
</testsuite> <!-- ProfileUpdater.NaukriProfileUpdater -->
