<?xml version="1.0" encoding="UTF-8"?>
<!-- Generated by org.testng.reporters.JUnitReportReporter -->
<testsuite hostname="LAPTOP-N2BE1DCI" failures="0" tests="1" name="ProfileUpdater.NaukriProfileUpdater" time="21.090" errors="0" timestamp="2025-05-26T23:13:48 IST" skipped="0">
  <testcase classname="ProfileUpdater.NaukriProfileUpdater" name="testUpdateProfileHeadline" time="21.090"/>
</testsuite> <!-- ProfileUpdater.NaukriProfileUpdater -->
